<?xml version="1.0" encoding="UTF-8" ?>
<testsuite failures="0" time="0.049" errors="0" skipped="0" tests="1" name="topic3.topic3.AppTest">
  <properties>
    <property name="java.vendor" value="Sun Microsystems Inc."/>
    <property name="localRepository" value="C:\Users\Myrtha\.m2\repository"/>
    <property name="sun.java.launcher" value="SUN_STANDARD"/>
    <property name="sun.management.compiler" value="HotSpot Client Compiler"/>
    <property name="env.PROMPT" value="$P$G"/>
    <property name="os.name" value="Windows 7"/>
    <property name="env.FP_NO_HOST_CHECK" value="NO"/>
    <property name="sun.boot.class.path" value="C:\GlassFish-Tools-Bundle-For-Eclipse-1.2\jre\jre\lib\resources.jar;C:\GlassFish-Tools-Bundle-For-Eclipse-1.2\jre\jre\lib\rt.jar;C:\GlassFish-Tools-Bundle-For-Eclipse-1.2\jre\jre\lib\sunrsasign.jar;C:\GlassFish-Tools-Bundle-For-Eclipse-1.2\jre\jre\lib\jsse.jar;C:\GlassFish-Tools-Bundle-For-Eclipse-1.2\jre\jre\lib\jce.jar;C:\GlassFish-Tools-Bundle-For-Eclipse-1.2\jre\jre\lib\charsets.jar;C:\GlassFish-Tools-Bundle-For-Eclipse-1.2\jre\jre\classes"/>
    <property name="env.COMPUTERNAME" value="MYRTHA-PC"/>
    <property name="env.CommonProgramW6432" value="C:\Program Files\Common Files"/>
    <property name="env.ALLUSERSPROFILE" value="C:\ProgramData"/>
    <property name="sun.desktop" value="windows"/>
    <property name="java.vm.specification.vendor" value="Sun Microsystems Inc."/>
    <property name="java.runtime.version" value="1.6.0_16-b01"/>
    <property name="env.HOMEPATH" value="\Users\Myrtha"/>
    <property name="env.__COMPAT_LAYER" value="VistaSetup RunAsAdmin"/>
    <property name="user.name" value="Myrtha"/>
    <property name="user.language" value="es"/>
    <property name="env.windows_tracing_flags" value="3"/>
    <property name="sun.boot.library.path" value="C:\GlassFish-Tools-Bundle-For-Eclipse-1.2\jre\jre\bin"/>
    <property name="classworlds.conf" value="C:\Users\Myrtha\workspace\.metadata\.plugins\org.maven.ide.eclipse\launches\m2conf3242293705910689699.tmp"/>
    <property name="java.version" value="1.6.0_16"/>
    <property name="env.PROCESSOR_IDENTIFIER" value="Intel64 Family 6 Model 42 Stepping 7, GenuineIntel"/>
    <property name="user.timezone" value=""/>
    <property name="env.TEMP" value="C:\Users\Myrtha\AppData\Local\Temp"/>
    <property name="sun.arch.data.model" value="32"/>
    <property name="java.endorsed.dirs" value="C:\GlassFish-Tools-Bundle-For-Eclipse-1.2\jre\jre\lib\endorsed"/>
    <property name="env.PROCESSOR_ARCHITEW6432" value="AMD64"/>
    <property name="sun.cpu.isalist" value="pentium_pro+mmx pentium_pro pentium+mmx pentium i486 i386 i86"/>
    <property name="env.HOMEDRIVE" value="C:"/>
    <property name="sun.jnu.encoding" value="Cp1252"/>
    <property name="file.encoding.pkg" value="sun.io"/>
    <property name="file.separator" value="\"/>
    <property name="java.specification.name" value="Java Platform API Specification"/>
    <property name="java.class.version" value="50.0"/>
    <property name="user.country" value="AR"/>
    <property name="java.home" value="C:\GlassFish-Tools-Bundle-For-Eclipse-1.2\jre\jre"/>
    <property name="env.PSModulePath" value="C:\Windows\system32\WindowsPowerShell\v1.0\Modules\"/>
    <property name="env.APPDATA" value="C:\Users\Myrtha\AppData\Roaming"/>
    <property name="env.PUBLIC" value="C:\Users\Public"/>
    <property name="env.windows_tracing_logfile" value="C:\BVTBin\Tests\installpackage\csilogfile.log"/>
    <property name="java.vm.info" value="mixed mode"/>
    <property name="env.ComSpec" value="C:\Windows\system32\cmd.exe"/>
    <property name="env.OS" value="Windows_NT"/>
    <property name="env.CommonProgramFiles" value="C:\Program Files (x86)\Common Files"/>
    <property name="os.version" value="6.1"/>
    <property name="env.ProgramW6432" value="C:\Program Files"/>
    <property name="path.separator" value=";"/>
    <property name="java.vm.version" value="14.2-b01"/>
    <property name="env.USERPROFILE" value="C:\Users\Myrtha"/>
    <property name="user.variant" value=""/>
    <property name="java.awt.printerjob" value="sun.awt.windows.WPrinterJob"/>
    <property name="env.TMP" value="C:\Users\Myrtha\AppData\Local\Temp"/>
    <property name="sun.io.unicode.encoding" value="UnicodeLittle"/>
    <property name="awt.toolkit" value="sun.awt.windows.WToolkit"/>
    <property name="env.__APPCOMPAT_MANIFEST" value=""/>
    <property name="user.home" value="C:\Users\Myrtha"/>
    <property name="env.ProgramData" value="C:\ProgramData"/>
    <property name="env.ProgramFiles(x86)" value="C:\Program Files (x86)"/>
    <property name="java.specification.vendor" value="Sun Microsystems Inc."/>
    <property name="env.NUMBER_OF_PROCESSORS" value="4"/>
    <property name="java.library.path" value="C:\GlassFish-Tools-Bundle-For-Eclipse-1.2\jre\bin;.;C:\Windows\Sun\Java\bin;C:\Windows\system32;C:\Windows;C:/GlassFish-Tools-Bundle-For-Eclipse-1.2/jre/bin/../jre/bin/client;C:/GlassFish-Tools-Bundle-For-Eclipse-1.2/jre/bin/../jre/bin;C:\Windows\system32;C:\Windows;C:\Windows\System32\Wbem;C:\Windows\System32\WindowsPowerShell\v1.0\;C:\Program Files\Intel\WiFi\bin\;C:\Program Files\Common Files\Intel\WirelessCommon\;C:\Program Files (x86)\Skype\Phone\;C:\Users\Myrtha\workspace\Git\cmd;C:\maven-3.3.9\bin"/>
    <property name="java.vendor.url" value="http://java.sun.com/"/>
    <property name="java.vm.vendor" value="Sun Microsystems Inc."/>
    <property name="maven.home" value="EMBEDDED"/>
    <property name="java.runtime.name" value="Java(TM) SE Runtime Environment"/>
    <property name="java.class.path" value="/C:/GlassFish-Tools-Bundle-For-Eclipse-1.2/dropins/m2-0.9.8/eclipse/plugins/org.maven.ide.components.maven_embedder_2.1.0.20080530-2300/jars/plexus-classworlds-1.2-alpha-12.jar"/>
    <property name="java.vm.specification.name" value="Java Virtual Machine Specification"/>
    <property name="env.LOGONSERVER" value="\\MYRTHA-PC"/>
    <property name="env.windir" value="C:\Windows"/>
    <property name="java.vm.specification.version" value="1.0"/>
    <property name="env.PROCESSOR_ARCHITECTURE" value="x86"/>
    <property name="m2eclipse.workspace.state" value="C:\Users\Myrtha\workspace\.metadata\.plugins\org.maven.ide.eclipse\workspacestate.properties"/>
    <property name="sun.os.patch.level" value="Service Pack 1"/>
    <property name="sun.cpu.endian" value="little"/>
    <property name="env.ProgramFiles" value="C:\Program Files (x86)"/>
    <property name="surefire.test.class.path" value="C:\Users\Myrtha\workspace\topic3\target\test-classes;C:\Users\Myrtha\workspace\topic3\target\classes;C:\Users\Myrtha\.m2\repository\junit\junit\3.8.1\junit-3.8.1.jar;"/>
    <property name="java.io.tmpdir" value="C:\Users\Myrtha\AppData\Local\Temp\"/>
    <property name="env.PROCESSOR_REVISION" value="2a07"/>
    <property name="env.CommonProgramFiles(x86)" value="C:\Program Files (x86)\Common Files"/>
    <property name="java.vendor.url.bug" value="http://java.sun.com/cgi-bin/bugreport.cgi"/>
    <property name="env.SystemRoot" value="C:\Windows"/>
    <property name="java.awt.graphicsenv" value="sun.awt.Win32GraphicsEnvironment"/>
    <property name="os.arch" value="x86"/>
    <property name="java.ext.dirs" value="C:\GlassFish-Tools-Bundle-For-Eclipse-1.2\jre\jre\lib\ext;C:\Windows\Sun\Java\lib\ext"/>
    <property name="user.dir" value="C:\Users\Myrtha\workspace\topic3"/>
    <property name="env.LOCALAPPDATA" value="C:\Users\Myrtha\AppData\Local"/>
    <property name="line.separator" value="
"/>
    <property name="java.vm.name" value="Java HotSpot(TM) Client VM"/>
    <property name="env.PATHEXT" value=".COM;.EXE;.BAT;.CMD;.VBS;.VBE;.JS;.JSE;.WSF;.WSH;.MSC"/>
    <property name="env.Path" value="C:/GlassFish-Tools-Bundle-For-Eclipse-1.2/jre/bin/../jre/bin/client;C:/GlassFish-Tools-Bundle-For-Eclipse-1.2/jre/bin/../jre/bin;C:\Windows\system32;C:\Windows;C:\Windows\System32\Wbem;C:\Windows\System32\WindowsPowerShell\v1.0\;C:\Program Files\Intel\WiFi\bin\;C:\Program Files\Common Files\Intel\WirelessCommon\;C:\Program Files (x86)\Skype\Phone\;C:\Users\Myrtha\workspace\Git\cmd;C:\maven-3.3.9\bin"/>
    <property name="basedir" value="C:\Users\Myrtha\workspace\topic3"/>
    <property name="maven.mode.standalone" value="true"/>
    <property name="env.USERNAME" value="Myrtha"/>
    <property name="env.SystemDrive" value="C:"/>
    <property name="file.encoding" value="Cp1252"/>
    <property name="env.USERDOMAIN" value="Myrtha-PC"/>
    <property name="java.specification.version" value="1.6"/>
    <property name="env.PROCESSOR_LEVEL" value="6"/>
  </properties>
  <testcase time="0.006" classname="topic3.topic3.AppTest" name="testApp"/>
</testsuite>